<?xml version="1.0" encoding="UTF-8"?>
<testng-results skipped="0" failed="0" total="2" passed="2">
  <reporter-output>
  </reporter-output>
  <suite name="Default suite" duration-ms="50602" started-at="2019-07-02T14:09:49Z" finished-at="2019-07-02T14:10:40Z">
    <groups>
    </groups>
    <test name="Default test" duration-ms="50602" started-at="2019-07-02T14:09:49Z" finished-at="2019-07-02T14:10:40Z">
      <class name="com.training.sanity.tests.RETC_021_Catagory">
        <test-method status="PASS" signature="setUpBeforeClass()[pri:0, instance:com.training.sanity.tests.RETC_021_Catagory@16c0663d]" name="setUpBeforeClass" is-config="true" duration-ms="15626" started-at="2019-07-02T19:39:49Z" finished-at="2019-07-02T19:40:05Z">
          <reporter-output>
          </reporter-output>
        </test-method> <!-- setUpBeforeClass -->
        <test-method status="PASS" signature="validLoginTest()[pri:0, instance:com.training.sanity.tests.RETC_021_Catagory@16c0663d]" name="validLoginTest" duration-ms="2269" started-at="2019-07-02T19:40:05Z" finished-at="2019-07-02T19:40:07Z">
          <reporter-output>
          </reporter-output>
        </test-method> <!-- validLoginTest -->
        <test-method status="PASS" signature="CatalogTest()[pri:1, instance:com.training.sanity.tests.RETC_021_Catagory@16c0663d]" name="CatalogTest" duration-ms="24831" started-at="2019-07-02T19:40:07Z" finished-at="2019-07-02T19:40:32Z">
          <reporter-output>
          </reporter-output>
        </test-method> <!-- CatalogTest -->
        <test-method status="PASS" signature="tearDown()[pri:0, instance:com.training.sanity.tests.RETC_021_Catagory@16c0663d]" name="tearDown" is-config="true" duration-ms="7861" started-at="2019-07-02T19:40:32Z" finished-at="2019-07-02T19:40:40Z">
          <reporter-output>
          </reporter-output>
        </test-method> <!-- tearDown -->
      </class> <!-- com.training.sanity.tests.RETC_021_Catagory -->
    </test> <!-- Default test -->
  </suite> <!-- Default suite -->
</testng-results>
